  Store.cpp
d:\mud\mud\role.h : warning C4819: 该文件包含不能在当前代码页(936)中表示的字符。请将该文件保存为 Unicode 格式以防止数据丢失
d:\mud\mud\skill.h : warning C4819: 该文件包含不能在当前代码页(936)中表示的字符。请将该文件保存为 Unicode 格式以防止数据丢失
d:\mud\mud\role.h : warning C4819: 该文件包含不能在当前代码页(936)中表示的字符。请将该文件保存为 Unicode 格式以防止数据丢失
d:\mud\mud\skill.h(96): error C2001: 常量中有换行符
d:\mud\mud\skill.h(97): error C2001: 常量中有换行符
d:\mud\mud\skill.h(99): error C2001: 常量中有换行符
d:\mud\mud\skill.h(97): error C2146: 语法错误: 缺少“;”(在标识符“skill_1Disc”的前面)
d:\mud\mud\skill.h(98): error C2146: 语法错误: 缺少“;”(在标识符“skill_2Disc”的前面)
d:\mud\mud\skill.h(100): error C2146: 语法错误: 缺少“;”(在标识符“skill_4Disc”的前面)
d:\mud\mud\skill.h(139): error C2001: 常量中有换行符
d:\mud\mud\skill.h(141): error C2001: 常量中有换行符
d:\mud\mud\skill.h(142): error C2001: 常量中有换行符
d:\mud\mud\skill.h(143): error C2001: 常量中有换行符
d:\mud\mud\skill.h(144): error C2001: 常量中有换行符
d:\mud\mud\skill.h(141): error C2146: 语法错误: 缺少“;”(在标识符“skill_1Disc”的前面)
d:\mud\mud\skill.h(142): error C2146: 语法错误: 缺少“;”(在标识符“skill_2Disc”的前面)
d:\mud\mud\skill.h(143): error C2146: 语法错误: 缺少“;”(在标识符“skill_3Disc”的前面)
d:\mud\mud\skill.h(144): error C2146: 语法错误: 缺少“;”(在标识符“skill_4Disc”的前面)
d:\mud\mud\skill.h(146): error C2146: 语法错误: 缺少“;”(在标识符“skill_1Type”的前面)
d:\mud\mud\skill.h(182): error C2001: 常量中有换行符
d:\mud\mud\skill.h(184): error C2001: 常量中有换行符
d:\mud\mud\skill.h(185): error C2001: 常量中有换行符
d:\mud\mud\skill.h(186): error C2001: 常量中有换行符
d:\mud\mud\skill.h(187): error C2001: 常量中有换行符
d:\mud\mud\skill.h(184): error C2146: 语法错误: 缺少“;”(在标识符“skill_1Disc”的前面)
d:\mud\mud\skill.h(185): error C2146: 语法错误: 缺少“;”(在标识符“skill_2Disc”的前面)
d:\mud\mud\skill.h(186): error C2146: 语法错误: 缺少“;”(在标识符“skill_3Disc”的前面)
d:\mud\mud\skill.h(187): error C2146: 语法错误: 缺少“;”(在标识符“skill_4Disc”的前面)
d:\mud\mud\skill.h(189): error C2146: 语法错误: 缺少“;”(在标识符“skill_1Type”的前面)
  Skill.cpp
d:\mud\mud\skill.h : warning C4819: 该文件包含不能在当前代码页(936)中表示的字符。请将该文件保存为 Unicode 格式以防止数据丢失
d:\mud\mud\role.h : warning C4819: 该文件包含不能在当前代码页(936)中表示的字符。请将该文件保存为 Unicode 格式以防止数据丢失
d:\mud\mud\skill.h : warning C4819: 该文件包含不能在当前代码页(936)中表示的字符。请将该文件保存为 Unicode 格式以防止数据丢失
d:\mud\mud\role.h : warning C4819: 该文件包含不能在当前代码页(936)中表示的字符。请将该文件保存为 Unicode 格式以防止数据丢失
d:\mud\mud\role.h(66): error C3646: “skill”: 未知重写说明符
d:\mud\mud\role.h(66): error C4430: 缺少类型说明符 - 假定为 int。注意: C++ 不支持默认 int
d:\mud\mud\skill.h(96): error C2001: 常量中有换行符
d:\mud\mud\skill.h(97): error C2001: 常量中有换行符
d:\mud\mud\skill.h(99): error C2001: 常量中有换行符
d:\mud\mud\skill.h(97): error C2146: 语法错误: 缺少“;”(在标识符“skill_1Disc”的前面)
d:\mud\mud\skill.h(98): error C2146: 语法错误: 缺少“;”(在标识符“skill_2Disc”的前面)
d:\mud\mud\skill.h(100): error C2146: 语法错误: 缺少“;”(在标识符“skill_4Disc”的前面)
d:\mud\mud\skill.h(139): error C2001: 常量中有换行符
d:\mud\mud\skill.h(141): error C2001: 常量中有换行符
d:\mud\mud\skill.h(142): error C2001: 常量中有换行符
d:\mud\mud\skill.h(143): error C2001: 常量中有换行符
d:\mud\mud\skill.h(144): error C2001: 常量中有换行符
d:\mud\mud\skill.h(141): error C2146: 语法错误: 缺少“;”(在标识符“skill_1Disc”的前面)
d:\mud\mud\skill.h(142): error C2146: 语法错误: 缺少“;”(在标识符“skill_2Disc”的前面)
d:\mud\mud\skill.h(143): error C2146: 语法错误: 缺少“;”(在标识符“skill_3Disc”的前面)
d:\mud\mud\skill.h(144): error C2146: 语法错误: 缺少“;”(在标识符“skill_4Disc”的前面)
d:\mud\mud\skill.h(146): error C2146: 语法错误: 缺少“;”(在标识符“skill_1Type”的前面)
d:\mud\mud\skill.h(182): error C2001: 常量中有换行符
d:\mud\mud\skill.h(184): error C2001: 常量中有换行符
d:\mud\mud\skill.h(185): error C2001: 常量中有换行符
d:\mud\mud\skill.h(186): error C2001: 常量中有换行符
d:\mud\mud\skill.h(187): error C2001: 常量中有换行符
d:\mud\mud\skill.h(184): error C2146: 语法错误: 缺少“;”(在标识符“skill_1Disc”的前面)
d:\mud\mud\skill.h(185): error C2146: 语法错误: 缺少“;”(在标识符“skill_2Disc”的前面)
d:\mud\mud\skill.h(186): error C2146: 语法错误: 缺少“;”(在标识符“skill_3Disc”的前面)
d:\mud\mud\skill.h(187): error C2146: 语法错误: 缺少“;”(在标识符“skill_4Disc”的前面)
d:\mud\mud\skill.h(189): error C2146: 语法错误: 缺少“;”(在标识符“skill_1Type”的前面)
  Role.cpp
d:\mud\mud\role.h : warning C4819: 该文件包含不能在当前代码页(936)中表示的字符。请将该文件保存为 Unicode 格式以防止数据丢失
d:\mud\mud\skill.h : warning C4819: 该文件包含不能在当前代码页(936)中表示的字符。请将该文件保存为 Unicode 格式以防止数据丢失
d:\mud\mud\role.h : warning C4819: 该文件包含不能在当前代码页(936)中表示的字符。请将该文件保存为 Unicode 格式以防止数据丢失
d:\mud\mud\enemy.h(12): error C3646: “getName”: 未知重写说明符
d:\mud\mud\enemy.h(12): error C2059: 语法错误:“(”
d:\mud\mud\enemy.h(12): error C2238: 意外的标记位于“;”之前
d:\mud\mud\enemy.h(43): error C3646: “name”: 未知重写说明符
d:\mud\mud\enemy.h(43): error C4430: 缺少类型说明符 - 假定为 int。注意: C++ 不支持默认 int
d:\mud\mud\skill.h(17): error C3646: “getName”: 未知重写说明符
d:\mud\mud\skill.h(17): error C2059: 语法错误:“(”
d:\mud\mud\skill.h(17): error C2238: 意外的标记位于“;”之前
d:\mud\mud\skill.h(18): error C3646: “getDisc”: 未知重写说明符
d:\mud\mud\skill.h(18): error C2059: 语法错误:“(”
d:\mud\mud\skill.h(18): error C2238: 意外的标记位于“;”之前
d:\mud\mud\skill.h(42): error C3646: “skill_1Name”: 未知重写说明符
d:\mud\mud\skill.h(42): error C4430: 缺少类型说明符 - 假定为 int。注意: C++ 不支持默认 int
d:\mud\mud\skill.h(43): error C3646: “skill_2Name”: 未知重写说明符
d:\mud\mud\skill.h(43): error C4430: 缺少类型说明符 - 假定为 int。注意: C++ 不支持默认 int
d:\mud\mud\skill.h(44): error C3646: “skill_3Name”: 未知重写说明符
d:\mud\mud\skill.h(44): error C4430: 缺少类型说明符 - 假定为 int。注意: C++ 不支持默认 int
d:\mud\mud\skill.h(45): error C3646: “skill_4Name”: 未知重写说明符
d:\mud\mud\skill.h(45): error C4430: 缺少类型说明符 - 假定为 int。注意: C++ 不支持默认 int
d:\mud\mud\skill.h(47): error C3646: “skill_1Disc”: 未知重写说明符
d:\mud\mud\skill.h(47): error C4430: 缺少类型说明符 - 假定为 int。注意: C++ 不支持默认 int
d:\mud\mud\skill.h(48): error C3646: “skill_2Disc”: 未知重写说明符
d:\mud\mud\skill.h(48): error C4430: 缺少类型说明符 - 假定为 int。注意: C++ 不支持默认 int
d:\mud\mud\skill.h(49): error C3646: “skill_3Disc”: 未知重写说明符
d:\mud\mud\skill.h(49): error C4430: 缺少类型说明符 - 假定为 int。注意: C++ 不支持默认 int
d:\mud\mud\skill.h(50): error C3646: “skill_4Disc”: 未知重写说明符
d:\mud\mud\skill.h(50): error C4430: 缺少类型说明符 - 假定为 int。注意: C++ 不支持默认 int
d:\mud\mud\skill.h(96): error C2001: 常量中有换行符
d:\mud\mud\skill.h(97): error C2001: 常量中有换行符
d:\mud\mud\skill.h(99): error C2001: 常量中有换行符
d:\mud\mud\skill.h(93): error C2065: “skill_1Name”: 未声明的标识符
d:\mud\mud\skill.h(94): error C2065: “skill_2Name”: 未声明的标识符
d:\mud\mud\skill.h(95): error C2065: “skill_3Name”: 未声明的标识符
d:\mud\mud\skill.h(96): error C2065: “skill_4Name”: 未声明的标识符
d:\mud\mud\skill.h(97): error C2146: 语法错误: 缺少“;”(在标识符“skill_1Disc”的前面)
d:\mud\mud\skill.h(97): error C2065: “skill_1Disc”: 未声明的标识符
d:\mud\mud\skill.h(98): error C2146: 语法错误: 缺少“;”(在标识符“skill_2Disc”的前面)
d:\mud\mud\skill.h(98): error C2065: “skill_2Disc”: 未声明的标识符
d:\mud\mud\skill.h(99): error C2065: “skill_3Disc”: 未声明的标识符
d:\mud\mud\skill.h(100): error C2146: 语法错误: 缺少“;”(在标识符“skill_4Disc”的前面)
d:\mud\mud\skill.h(100): error C2065: “skill_4Disc”: 未声明的标识符
d:\mud\mud\skill.h(139): error C2001: 常量中有换行符
d:\mud\mud\skill.h(141): error C2001: 常量中有换行符
d:\mud\mud\skill.h(142): error C2001: 常量中有换行符
d:\mud\mud\skill.h(143): error C2001: 常量中有换行符
d:\mud\mud\skill.h(144): error C2001: 常量中有换行符
d:\mud\mud\skill.h(136): error C2065: “skill_1Name”: 未声明的标识符
d:\mud\mud\skill.h(137): error C2065: “skill_2Name”: 未声明的标识符
d:\mud\mud\skill.h(138): error C2065: “skill_3Name”: 未声明的标识符
d:\mud\mud\skill.h(139): error C2065: “skill_4Name”: 未声明的标识符
d:\mud\mud\skill.h(141): error C2146: 语法错误: 缺少“;”(在标识符“skill_1Disc”的前面)
d:\mud\mud\skill.h(141): error C2065: “skill_1Disc”: 未声明的标识符
d:\mud\mud\skill.h(142): error C2146: 语法错误: 缺少“;”(在标识符“skill_2Disc”的前面)
d:\mud\mud\skill.h(142): error C2065: “skill_2Disc”: 未声明的标识符
d:\mud\mud\skill.h(143): error C2146: 语法错误: 缺少“;”(在标识符“skill_3Disc”的前面)
d:\mud\mud\skill.h(143): error C2065: “skill_3Disc”: 未声明的标识符
d:\mud\mud\skill.h(144): error C2146: 语法错误: 缺少“;”(在标识符“skill_4Disc”的前面)
d:\mud\mud\skill.h(144): error C2065: “skill_4Disc”: 未声明的标识符
d:\mud\mud\skill.h(146): error C2146: 语法错误: 缺少“;”(在标识符“skill_1Type”的前面)
d:\mud\mud\skill.h(182): error C2001: 常量中有换行符
d:\mud\mud\skill.h(184): error C2001: 常量中有换行符
d:\mud\mud\skill.h(185): error C2001: 常量中有换行符
d:\mud\mud\skill.h(186): error C2001: 常量中有换行符
d:\mud\mud\skill.h(187): error C2001: 常量中有换行符
d:\mud\mud\skill.h(179): error C2065: “skill_1Name”: 未声明的标识符
d:\mud\mud\skill.h(180): error C2065: “skill_2Name”: 未声明的标识符
d:\mud\mud\skill.h(181): error C2065: “skill_3Name”: 未声明的标识符
d:\mud\mud\skill.h(182): error C2065: “skill_4Name”: 未声明的标识符
d:\mud\mud\skill.h(184): error C2146: 语法错误: 缺少“;”(在标识符“skill_1Disc”的前面)
d:\mud\mud\skill.h(184): error C2065: “skill_1Disc”: 未声明的标识符
d:\mud\mud\skill.h(185): error C2146: 语法错误: 缺少“;”(在标识符“skill_2Disc”的前面)
d:\mud\mud\skill.h(185): error C2065: “skill_2Disc”: 未声明的标识符
d:\mud\mud\skill.h(186): error C2146: 语法错误: 缺少“;”(在标识符“skill_3Disc”的前面)
d:\mud\mud\skill.h(186): error C2065: “skill_3Disc”: 未声明的标识符
d:\mud\mud\skill.h(187): error C2146: 语法错误: 缺少“;”(在标识符“skill_4Disc”的前面)
d:\mud\mud\skill.h(187): error C2065: “skill_4Disc”: 未声明的标识符
d:\mud\mud\skill.h(189): error C2146: 语法错误: 缺少“;”(在标识符“skill_1Type”的前面)
d:\mud\mud\role.cpp(71): error C2039: “getName”: 不是“Skill”的成员
  d:\mud\mud\skill.h(8): note: 参见“Skill”的声明
d:\mud\mud\role.cpp(73): error C2039: “getName”: 不是“Skill”的成员
  d:\mud\mud\skill.h(8): note: 参见“Skill”的声明
d:\mud\mud\role.cpp(75): error C2039: “getName”: 不是“Skill”的成员
  d:\mud\mud\skill.h(8): note: 参见“Skill”的声明
d:\mud\mud\role.cpp(77): error C2039: “getName”: 不是“Skill”的成员
  d:\mud\mud\skill.h(8): note: 参见“Skill”的声明
d:\mud\mud\role.cpp(96): error C2039: “getName”: 不是“Skill”的成员
  d:\mud\mud\skill.h(8): note: 参见“Skill”的声明
d:\mud\mud\role.cpp(174): warning C4244: “参数”: 从“double”转换到“int”，可能丢失数据
d:\mud\mud\role.cpp(175): warning C4244: “参数”: 从“double”转换到“int”，可能丢失数据
d:\mud\mud\role.cpp(179): warning C4244: “参数”: 从“double”转换到“int”，可能丢失数据
d:\mud\mud\role.cpp(180): warning C4244: “参数”: 从“double”转换到“int”，可能丢失数据
d:\mud\mud\role.cpp(184): warning C4244: “参数”: 从“double”转换到“int”，可能丢失数据
d:\mud\mud\role.cpp(185): warning C4244: “参数”: 从“double”转换到“int”，可能丢失数据
d:\mud\mud\role.cpp(189): warning C4244: “参数”: 从“double”转换到“int”，可能丢失数据
d:\mud\mud\role.cpp(190): warning C4244: “参数”: 从“double”转换到“int”，可能丢失数据
d:\mud\mud\role.cpp(194): warning C4244: “参数”: 从“double”转换到“int”，可能丢失数据
d:\mud\mud\role.cpp(195): warning C4244: “参数”: 从“double”转换到“int”，可能丢失数据
d:\mud\mud\role.cpp(199): warning C4244: “参数”: 从“double”转换到“int”，可能丢失数据
d:\mud\mud\role.cpp(200): warning C4244: “参数”: 从“double”转换到“int”，可能丢失数据
d:\mud\mud\role.cpp(204): warning C4244: “参数”: 从“double”转换到“int”，可能丢失数据
d:\mud\mud\role.cpp(205): warning C4244: “参数”: 从“double”转换到“int”，可能丢失数据
d:\mud\mud\role.cpp(209): warning C4244: “参数”: 从“double”转换到“int”，可能丢失数据
d:\mud\mud\role.cpp(210): warning C4244: “参数”: 从“double”转换到“int”，可能丢失数据
d:\mud\mud\role.cpp(214): warning C4244: “参数”: 从“double”转换到“int”，可能丢失数据
d:\mud\mud\role.cpp(215): warning C4244: “参数”: 从“double”转换到“int”，可能丢失数据
d:\mud\mud\role.cpp(219): warning C4244: “参数”: 从“double”转换到“int”，可能丢失数据
d:\mud\mud\role.cpp(220): warning C4244: “参数”: 从“double”转换到“int”，可能丢失数据
d:\mud\mud\role.cpp(225): warning C4244: “参数”: 从“double”转换到“int”，可能丢失数据
d:\mud\mud\role.cpp(226): warning C4244: “参数”: 从“double”转换到“int”，可能丢失数据
d:\mud\mud\role.cpp(230): warning C4244: “参数”: 从“double”转换到“int”，可能丢失数据
d:\mud\mud\role.cpp(231): warning C4244: “参数”: 从“double”转换到“int”，可能丢失数据
d:\mud\mud\role.cpp(235): warning C4244: “参数”: 从“double”转换到“int”，可能丢失数据
d:\mud\mud\role.cpp(236): warning C4244: “参数”: 从“double”转换到“int”，可能丢失数据
d:\mud\mud\role.cpp(240): warning C4244: “参数”: 从“double”转换到“int”，可能丢失数据
d:\mud\mud\role.cpp(241): warning C4244: “参数”: 从“double”转换到“int”，可能丢失数据
d:\mud\mud\role.cpp(245): warning C4244: “参数”: 从“double”转换到“int”，可能丢失数据
d:\mud\mud\role.cpp(246): warning C4244: “参数”: 从“double”转换到“int”，可能丢失数据
d:\mud\mud\role.cpp(250): warning C4244: “参数”: 从“double”转换到“int”，可能丢失数据
d:\mud\mud\role.cpp(251): warning C4244: “参数”: 从“double”转换到“int”，可能丢失数据
d:\mud\mud\role.cpp(255): warning C4244: “参数”: 从“double”转换到“int”，可能丢失数据
d:\mud\mud\role.cpp(256): warning C4244: “参数”: 从“double”转换到“int”，可能丢失数据
d:\mud\mud\role.cpp(260): warning C4244: “参数”: 从“double”转换到“int”，可能丢失数据
d:\mud\mud\role.cpp(261): warning C4244: “参数”: 从“double”转换到“int”，可能丢失数据
d:\mud\mud\role.cpp(265): warning C4244: “参数”: 从“double”转换到“int”，可能丢失数据
d:\mud\mud\role.cpp(266): warning C4244: “参数”: 从“double”转换到“int”，可能丢失数据
d:\mud\mud\role.cpp(270): warning C4244: “参数”: 从“double”转换到“int”，可能丢失数据
d:\mud\mud\role.cpp(271): warning C4244: “参数”: 从“double”转换到“int”，可能丢失数据
d:\mud\mud\role.cpp(275): warning C4244: “参数”: 从“double”转换到“int”，可能丢失数据
d:\mud\mud\role.cpp(276): warning C4244: “参数”: 从“double”转换到“int”，可能丢失数据
d:\mud\mud\role.cpp(280): warning C4244: “参数”: 从“double”转换到“int”，可能丢失数据
d:\mud\mud\role.cpp(281): warning C4244: “参数”: 从“double”转换到“int”，可能丢失数据
d:\mud\mud\role.cpp(285): warning C4244: “参数”: 从“double”转换到“int”，可能丢失数据
d:\mud\mud\role.cpp(286): warning C4244: “参数”: 从“double”转换到“int”，可能丢失数据
d:\mud\mud\role.cpp(290): warning C4244: “参数”: 从“double”转换到“int”，可能丢失数据
d:\mud\mud\role.cpp(291): warning C4244: “参数”: 从“double”转换到“int”，可能丢失数据
d:\mud\mud\role.cpp(295): warning C4244: “参数”: 从“double”转换到“int”，可能丢失数据
d:\mud\mud\role.cpp(296): warning C4244: “参数”: 从“double”转换到“int”，可能丢失数据
d:\mud\mud\role.cpp(301): warning C4244: “参数”: 从“double”转换到“int”，可能丢失数据
d:\mud\mud\role.cpp(302): warning C4244: “参数”: 从“double”转换到“int”，可能丢失数据
d:\mud\mud\role.cpp(306): warning C4244: “参数”: 从“double”转换到“int”，可能丢失数据
d:\mud\mud\role.cpp(307): warning C4244: “参数”: 从“double”转换到“int”，可能丢失数据
d:\mud\mud\role.cpp(312): warning C4244: “参数”: 从“double”转换到“int”，可能丢失数据
d:\mud\mud\role.cpp(313): warning C4244: “参数”: 从“double”转换到“int”，可能丢失数据
d:\mud\mud\role.cpp(338): error C2039: “getName”: 不是“Skill”的成员
  d:\mud\mud\skill.h(8): note: 参见“Skill”的声明
d:\mud\mud\role.cpp(353): error C2065: “health_Max”: 未声明的标识符
d:\mud\mud\role.cpp(354): error C2059: 语法错误:“return”
  Map.cpp
d:\mud\mud\role.h : warning C4819: 该文件包含不能在当前代码页(936)中表示的字符。请将该文件保存为 Unicode 格式以防止数据丢失
d:\mud\mud\skill.h : warning C4819: 该文件包含不能在当前代码页(936)中表示的字符。请将该文件保存为 Unicode 格式以防止数据丢失
d:\mud\mud\role.h : warning C4819: 该文件包含不能在当前代码页(936)中表示的字符。请将该文件保存为 Unicode 格式以防止数据丢失
d:\mud\mud\enemy.h(12): error C3646: “getName”: 未知重写说明符
d:\mud\mud\enemy.h(12): error C2059: 语法错误:“(”
d:\mud\mud\enemy.h(12): error C2238: 意外的标记位于“;”之前
d:\mud\mud\enemy.h(43): error C3646: “name”: 未知重写说明符
d:\mud\mud\enemy.h(43): error C4430: 缺少类型说明符 - 假定为 int。注意: C++ 不支持默认 int
d:\mud\mud\skill.h(17): error C3646: “getName”: 未知重写说明符
d:\mud\mud\skill.h(17): error C2059: 语法错误:“(”
d:\mud\mud\skill.h(17): error C2238: 意外的标记位于“;”之前
d:\mud\mud\skill.h(18): error C3646: “getDisc”: 未知重写说明符
d:\mud\mud\skill.h(18): error C2059: 语法错误:“(”
d:\mud\mud\skill.h(18): error C2238: 意外的标记位于“;”之前
d:\mud\mud\skill.h(42): error C3646: “skill_1Name”: 未知重写说明符
d:\mud\mud\skill.h(42): error C4430: 缺少类型说明符 - 假定为 int。注意: C++ 不支持默认 int
d:\mud\mud\skill.h(43): error C3646: “skill_2Name”: 未知重写说明符
d:\mud\mud\skill.h(43): error C4430: 缺少类型说明符 - 假定为 int。注意: C++ 不支持默认 int
d:\mud\mud\skill.h(44): error C3646: “skill_3Name”: 未知重写说明符
d:\mud\mud\skill.h(44): error C4430: 缺少类型说明符 - 假定为 int。注意: C++ 不支持默认 int
d:\mud\mud\skill.h(45): error C3646: “skill_4Name”: 未知重写说明符
d:\mud\mud\skill.h(45): error C4430: 缺少类型说明符 - 假定为 int。注意: C++ 不支持默认 int
d:\mud\mud\skill.h(47): error C3646: “skill_1Disc”: 未知重写说明符
d:\mud\mud\skill.h(47): error C4430: 缺少类型说明符 - 假定为 int。注意: C++ 不支持默认 int
d:\mud\mud\skill.h(48): error C3646: “skill_2Disc”: 未知重写说明符
d:\mud\mud\skill.h(48): error C4430: 缺少类型说明符 - 假定为 int。注意: C++ 不支持默认 int
d:\mud\mud\skill.h(49): error C3646: “skill_3Disc”: 未知重写说明符
d:\mud\mud\skill.h(49): error C4430: 缺少类型说明符 - 假定为 int。注意: C++ 不支持默认 int
d:\mud\mud\skill.h(50): error C3646: “skill_4Disc”: 未知重写说明符
d:\mud\mud\skill.h(50): error C4430: 缺少类型说明符 - 假定为 int。注意: C++ 不支持默认 int
d:\mud\mud\skill.h(96): error C2001: 常量中有换行符
d:\mud\mud\skill.h(97): error C2001: 常量中有换行符
d:\mud\mud\skill.h(99): error C2001: 常量中有换行符
d:\mud\mud\skill.h(93): error C2065: “skill_1Name”: 未声明的标识符
d:\mud\mud\skill.h(94): error C2065: “skill_2Name”: 未声明的标识符
d:\mud\mud\skill.h(95): error C2065: “skill_3Name”: 未声明的标识符
d:\mud\mud\skill.h(96): error C2065: “skill_4Name”: 未声明的标识符
d:\mud\mud\skill.h(97): error C2146: 语法错误: 缺少“;”(在标识符“skill_1Disc”的前面)
d:\mud\mud\skill.h(97): error C2065: “skill_1Disc”: 未声明的标识符
d:\mud\mud\skill.h(98): error C2146: 语法错误: 缺少“;”(在标识符“skill_2Disc”的前面)
d:\mud\mud\skill.h(98): error C2065: “skill_2Disc”: 未声明的标识符
d:\mud\mud\skill.h(99): error C2065: “skill_3Disc”: 未声明的标识符
d:\mud\mud\skill.h(100): error C2146: 语法错误: 缺少“;”(在标识符“skill_4Disc”的前面)
d:\mud\mud\skill.h(100): error C2065: “skill_4Disc”: 未声明的标识符
d:\mud\mud\skill.h(139): error C2001: 常量中有换行符
d:\mud\mud\skill.h(141): error C2001: 常量中有换行符
d:\mud\mud\skill.h(142): error C2001: 常量中有换行符
d:\mud\mud\skill.h(143): error C2001: 常量中有换行符
d:\mud\mud\skill.h(144): error C2001: 常量中有换行符
d:\mud\mud\skill.h(136): error C2065: “skill_1Name”: 未声明的标识符
d:\mud\mud\skill.h(137): error C2065: “skill_2Name”: 未声明的标识符
d:\mud\mud\skill.h(138): error C2065: “skill_3Name”: 未声明的标识符
d:\mud\mud\skill.h(139): error C2065: “skill_4Name”: 未声明的标识符
d:\mud\mud\skill.h(141): error C2146: 语法错误: 缺少“;”(在标识符“skill_1Disc”的前面)
d:\mud\mud\skill.h(141): error C2065: “skill_1Disc”: 未声明的标识符
d:\mud\mud\skill.h(142): error C2146: 语法错误: 缺少“;”(在标识符“skill_2Disc”的前面)
d:\mud\mud\skill.h(142): error C2065: “skill_2Disc”: 未声明的标识符
d:\mud\mud\skill.h(143): error C2146: 语法错误: 缺少“;”(在标识符“skill_3Disc”的前面)
d:\mud\mud\skill.h(143): error C2065: “skill_3Disc”: 未声明的标识符
d:\mud\mud\skill.h(144): error C2146: 语法错误: 缺少“;”(在标识符“skill_4Disc”的前面)
d:\mud\mud\skill.h(144): error C2065: “skill_4Disc”: 未声明的标识符
d:\mud\mud\skill.h(146): error C2146: 语法错误: 缺少“;”(在标识符“skill_1Type”的前面)
d:\mud\mud\skill.h(182): error C2001: 常量中有换行符
d:\mud\mud\skill.h(184): error C2001: 常量中有换行符
d:\mud\mud\skill.h(185): error C2001: 常量中有换行符
d:\mud\mud\skill.h(186): error C2001: 常量中有换行符
d:\mud\mud\skill.h(187): error C2001: 常量中有换行符
d:\mud\mud\skill.h(179): error C2065: “skill_1Name”: 未声明的标识符
d:\mud\mud\skill.h(180): error C2065: “skill_2Name”: 未声明的标识符
d:\mud\mud\skill.h(181): error C2065: “skill_3Name”: 未声明的标识符
d:\mud\mud\skill.h(182): error C2065: “skill_4Name”: 未声明的标识符
d:\mud\mud\skill.h(184): error C2146: 语法错误: 缺少“;”(在标识符“skill_1Disc”的前面)
d:\mud\mud\skill.h(184): error C2065: “skill_1Disc”: 未声明的标识符
d:\mud\mud\skill.h(185): error C2146: 语法错误: 缺少“;”(在标识符“skill_2Disc”的前面)
d:\mud\mud\skill.h(185): error C2065: “skill_2Disc”: 未声明的标识符
d:\mud\mud\skill.h(186): error C2146: 语法错误: 缺少“;”(在标识符“skill_3Disc”的前面)
d:\mud\mud\skill.h(186): error C2065: “skill_3Disc”: 未声明的标识符
d:\mud\mud\skill.h(187): error C2146: 语法错误: 缺少“;”(在标识符“skill_4Disc”的前面)
d:\mud\mud\skill.h(187): error C2065: “skill_4Disc”: 未声明的标识符
d:\mud\mud\skill.h(189): error C2146: 语法错误: 缺少“;”(在标识符“skill_1Type”的前面)
d:\mud\mud\map.cpp(34): warning C4129: “ ”: 不可识别的字符转义序列
d:\mud\mud\map.cpp(35): warning C4129: “ ”: 不可识别的字符转义序列
d:\mud\mud\map.cpp(37): warning C4129: “ ”: 不可识别的字符转义序列
d:\mud\mud\map.cpp(38): warning C4129: “ ”: 不可识别的字符转义序列
d:\mud\mud\map.cpp(39): warning C4129: “ ”: 不可识别的字符转义序列
d:\mud\mud\map.cpp(43): warning C4129: “ ”: 不可识别的字符转义序列
d:\mud\mud\map.cpp(45): warning C4129: “_”: 不可识别的字符转义序列
  Main.cpp
d:\mud\mud\role.h : warning C4819: 该文件包含不能在当前代码页(936)中表示的字符。请将该文件保存为 Unicode 格式以防止数据丢失
d:\mud\mud\skill.h : warning C4819: 该文件包含不能在当前代码页(936)中表示的字符。请将该文件保存为 Unicode 格式以防止数据丢失
d:\mud\mud\role.h : warning C4819: 该文件包含不能在当前代码页(936)中表示的字符。请将该文件保存为 Unicode 格式以防止数据丢失
d:\mud\mud\skill.h(96): error C2001: 常量中有换行符
d:\mud\mud\skill.h(97): error C2001: 常量中有换行符
d:\mud\mud\skill.h(99): error C2001: 常量中有换行符
d:\mud\mud\skill.h(97): error C2146: 语法错误: 缺少“;”(在标识符“skill_1Disc”的前面)
d:\mud\mud\skill.h(98): error C2146: 语法错误: 缺少“;”(在标识符“skill_2Disc”的前面)
d:\mud\mud\skill.h(100): error C2146: 语法错误: 缺少“;”(在标识符“skill_4Disc”的前面)
d:\mud\mud\skill.h(139): error C2001: 常量中有换行符
d:\mud\mud\skill.h(141): error C2001: 常量中有换行符
d:\mud\mud\skill.h(142): error C2001: 常量中有换行符
d:\mud\mud\skill.h(143): error C2001: 常量中有换行符
d:\mud\mud\skill.h(144): error C2001: 常量中有换行符
d:\mud\mud\skill.h(141): error C2146: 语法错误: 缺少“;”(在标识符“skill_1Disc”的前面)
d:\mud\mud\skill.h(142): error C2146: 语法错误: 缺少“;”(在标识符“skill_2Disc”的前面)
d:\mud\mud\skill.h(143): error C2146: 语法错误: 缺少“;”(在标识符“skill_3Disc”的前面)
d:\mud\mud\skill.h(144): error C2146: 语法错误: 缺少“;”(在标识符“skill_4Disc”的前面)
d:\mud\mud\skill.h(146): error C2146: 语法错误: 缺少“;”(在标识符“skill_1Type”的前面)
d:\mud\mud\skill.h(182): error C2001: 常量中有换行符
d:\mud\mud\skill.h(184): error C2001: 常量中有换行符
d:\mud\mud\skill.h(185): error C2001: 常量中有换行符
d:\mud\mud\skill.h(186): error C2001: 常量中有换行符
d:\mud\mud\skill.h(187): error C2001: 常量中有换行符
d:\mud\mud\skill.h(184): error C2146: 语法错误: 缺少“;”(在标识符“skill_1Disc”的前面)
d:\mud\mud\skill.h(185): error C2146: 语法错误: 缺少“;”(在标识符“skill_2Disc”的前面)
d:\mud\mud\skill.h(186): error C2146: 语法错误: 缺少“;”(在标识符“skill_3Disc”的前面)
d:\mud\mud\skill.h(187): error C2146: 语法错误: 缺少“;”(在标识符“skill_4Disc”的前面)
d:\mud\mud\skill.h(189): error C2146: 语法错误: 缺少“;”(在标识符“skill_1Type”的前面)
  Fight.cpp
d:\mud\mud\enemy.h(12): error C3646: “getName”: 未知重写说明符
d:\mud\mud\enemy.h(12): error C2059: 语法错误:“(”
d:\mud\mud\enemy.h(12): error C2238: 意外的标记位于“;”之前
d:\mud\mud\enemy.h(43): error C3646: “name”: 未知重写说明符
d:\mud\mud\enemy.h(43): error C4430: 缺少类型说明符 - 假定为 int。注意: C++ 不支持默认 int
d:\mud\mud\role.h : warning C4819: 该文件包含不能在当前代码页(936)中表示的字符。请将该文件保存为 Unicode 格式以防止数据丢失
d:\mud\mud\skill.h : warning C4819: 该文件包含不能在当前代码页(936)中表示的字符。请将该文件保存为 Unicode 格式以防止数据丢失
d:\mud\mud\role.h : warning C4819: 该文件包含不能在当前代码页(936)中表示的字符。请将该文件保存为 Unicode 格式以防止数据丢失
d:\mud\mud\skill.h(96): error C2001: 常量中有换行符
d:\mud\mud\skill.h(97): error C2001: 常量中有换行符
d:\mud\mud\skill.h(99): error C2001: 常量中有换行符
d:\mud\mud\skill.h(97): error C2146: 语法错误: 缺少“;”(在标识符“skill_1Disc”的前面)
d:\mud\mud\skill.h(98): error C2146: 语法错误: 缺少“;”(在标识符“skill_2Disc”的前面)
d:\mud\mud\skill.h(100): error C2146: 语法错误: 缺少“;”(在标识符“skill_4Disc”的前面)
d:\mud\mud\skill.h(139): error C2001: 常量中有换行符
d:\mud\mud\skill.h(141): error C2001: 常量中有换行符
d:\mud\mud\skill.h(142): error C2001: 常量中有换行符
d:\mud\mud\skill.h(143): error C2001: 常量中有换行符
d:\mud\mud\skill.h(144): error C2001: 常量中有换行符
d:\mud\mud\skill.h(141): error C2146: 语法错误: 缺少“;”(在标识符“skill_1Disc”的前面)
d:\mud\mud\skill.h(142): error C2146: 语法错误: 缺少“;”(在标识符“skill_2Disc”的前面)
d:\mud\mud\skill.h(143): error C2146: 语法错误: 缺少“;”(在标识符“skill_3Disc”的前面)
d:\mud\mud\skill.h(144): error C2146: 语法错误: 缺少“;”(在标识符“skill_4Disc”的前面)
d:\mud\mud\skill.h(146): error C2146: 语法错误: 缺少“;”(在标识符“skill_1Type”的前面)
d:\mud\mud\skill.h(182): error C2001: 常量中有换行符
d:\mud\mud\skill.h(184): error C2001: 常量中有换行符
d:\mud\mud\skill.h(185): error C2001: 常量中有换行符
d:\mud\mud\skill.h(186): error C2001: 常量中有换行符
d:\mud\mud\skill.h(187): error C2001: 常量中有换行符
d:\mud\mud\skill.h(184): error C2146: 语法错误: 缺少“;”(在标识符“skill_1Disc”的前面)
d:\mud\mud\skill.h(185): error C2146: 语法错误: 缺少“;”(在标识符“skill_2Disc”的前面)
d:\mud\mud\skill.h(186): error C2146: 语法错误: 缺少“;”(在标识符“skill_3Disc”的前面)
d:\mud\mud\skill.h(187): error C2146: 语法错误: 缺少“;”(在标识符“skill_4Disc”的前面)
d:\mud\mud\skill.h(189): error C2146: 语法错误: 缺少“;”(在标识符“skill_1Type”的前面)
d:\mud\mud\fight.cpp(21): error C2039: “getName”: 不是“Enemy”的成员
  d:\mud\mud\enemy.h(6): note: 参见“Enemy”的声明
d:\mud\mud\fight.cpp(22): warning C4244: “参数”: 从“double”转换到“int”，可能丢失数据
d:\mud\mud\fight.cpp(28): error C2039: “getName”: 不是“Enemy”的成员
  d:\mud\mud\enemy.h(6): note: 参见“Enemy”的声明
d:\mud\mud\fight.cpp(29): warning C4244: “参数”: 从“double”转换到“int”，可能丢失数据
d:\mud\mud\fight.cpp(62): warning C4244: “参数”: 从“double”转换到“int”，可能丢失数据
d:\mud\mud\fight.cpp(63): error C2039: “getName”: 不是“Enemy”的成员
  d:\mud\mud\enemy.h(6): note: 参见“Enemy”的声明
d:\mud\mud\fight.cpp(65): warning C4244: “参数”: 从“double”转换到“int”，可能丢失数据
d:\mud\mud\fight.cpp(83): error C2039: “getName”: 不是“Enemy”的成员
  d:\mud\mud\enemy.h(6): note: 参见“Enemy”的声明
d:\mud\mud\fight.cpp(94): error C2059: 语法错误:“...”
  Enemy.cpp
d:\mud\mud\enemy.h(12): error C3646: “getName”: 未知重写说明符
d:\mud\mud\enemy.h(12): error C2059: 语法错误:“(”
d:\mud\mud\enemy.h(12): error C2238: 意外的标记位于“;”之前
d:\mud\mud\enemy.h(43): error C3646: “name”: 未知重写说明符
d:\mud\mud\enemy.h(43): error C4430: 缺少类型说明符 - 假定为 int。注意: C++ 不支持默认 int
d:\mud\mud\enemy.cpp(14): error C2039: “getName”: 不是“Enemy”的成员
  d:\mud\mud\enemy.h(6): note: 参见“Enemy”的声明
d:\mud\mud\enemy.cpp(15): error C2065: “name”: 未声明的标识符
d:\mud\mud\enemy.cpp(82): error C2065: “name”: 未声明的标识符
d:\mud\mud\enemy.cpp(99): error C2065: “name”: 未声明的标识符
d:\mud\mud\enemy.cpp(114): error C2065: “name”: 未声明的标识符
d:\mud\mud\enemy.cpp(129): error C2065: “name”: 未声明的标识符
d:\mud\mud\enemy.cpp(144): error C2065: “name”: 未声明的标识符
d:\mud\mud\enemy.cpp(160): error C2065: “name”: 未声明的标识符
d:\mud\mud\enemy.cpp(175): error C2065: “name”: 未声明的标识符
d:\mud\mud\enemy.cpp(190): error C2065: “name”: 未声明的标识符
d:\mud\mud\enemy.cpp(205): error C2065: “name”: 未声明的标识符
d:\mud\mud\enemy.cpp(427): error C2065: “name”: 未声明的标识符
  Bag.cpp
d:\mud\mud\role.h : warning C4819: 该文件包含不能在当前代码页(936)中表示的字符。请将该文件保存为 Unicode 格式以防止数据丢失
d:\mud\mud\skill.h : warning C4819: 该文件包含不能在当前代码页(936)中表示的字符。请将该文件保存为 Unicode 格式以防止数据丢失
d:\mud\mud\role.h : warning C4819: 该文件包含不能在当前代码页(936)中表示的字符。请将该文件保存为 Unicode 格式以防止数据丢失
d:\mud\mud\skill.h(96): error C2001: 常量中有换行符
d:\mud\mud\skill.h(97): error C2001: 常量中有换行符
d:\mud\mud\skill.h(99): error C2001: 常量中有换行符
d:\mud\mud\skill.h(97): error C2146: 语法错误: 缺少“;”(在标识符“skill_1Disc”的前面)
d:\mud\mud\skill.h(98): error C2146: 语法错误: 缺少“;”(在标识符“skill_2Disc”的前面)
d:\mud\mud\skill.h(100): error C2146: 语法错误: 缺少“;”(在标识符“skill_4Disc”的前面)
d:\mud\mud\skill.h(139): error C2001: 常量中有换行符
d:\mud\mud\skill.h(141): error C2001: 常量中有换行符
d:\mud\mud\skill.h(142): error C2001: 常量中有换行符
d:\mud\mud\skill.h(143): error C2001: 常量中有换行符
d:\mud\mud\skill.h(144): error C2001: 常量中有换行符
d:\mud\mud\skill.h(141): error C2146: 语法错误: 缺少“;”(在标识符“skill_1Disc”的前面)
d:\mud\mud\skill.h(142): error C2146: 语法错误: 缺少“;”(在标识符“skill_2Disc”的前面)
d:\mud\mud\skill.h(143): error C2146: 语法错误: 缺少“;”(在标识符“skill_3Disc”的前面)
d:\mud\mud\skill.h(144): error C2146: 语法错误: 缺少“;”(在标识符“skill_4Disc”的前面)
d:\mud\mud\skill.h(146): error C2146: 语法错误: 缺少“;”(在标识符“skill_1Type”的前面)
d:\mud\mud\skill.h(182): error C2001: 常量中有换行符
d:\mud\mud\skill.h(184): error C2001: 常量中有换行符
d:\mud\mud\skill.h(185): error C2001: 常量中有换行符
d:\mud\mud\skill.h(186): error C2001: 常量中有换行符
d:\mud\mud\skill.h(187): error C2001: 常量中有换行符
d:\mud\mud\skill.h(184): error C2146: 语法错误: 缺少“;”(在标识符“skill_1Disc”的前面)
d:\mud\mud\skill.h(185): error C2146: 语法错误: 缺少“;”(在标识符“skill_2Disc”的前面)
d:\mud\mud\skill.h(186): error C2146: 语法错误: 缺少“;”(在标识符“skill_3Disc”的前面)
d:\mud\mud\skill.h(187): error C2146: 语法错误: 缺少“;”(在标识符“skill_4Disc”的前面)
d:\mud\mud\skill.h(189): error C2146: 语法错误: 缺少“;”(在标识符“skill_1Type”的前面)
  正在生成代码...
